{"/Users/leandropassoslpkyrius/Projects/WebDev/JS-Expert/module07/behavioral/03.template-method/src/business/orderBusiness.js": {"path":"/Users/leandropassoslpkyrius/Projects/WebDev/JS-Expert/module07/behavioral/03.template-method/src/business/orderBusiness.js","all":false,"statementMap":{"0":{"start":{"line":1,"column":0},"end":{"line":1,"column":50}},"1":{"start":{"line":2,"column":0},"end":{"line":2,"column":0}},"2":{"start":{"line":3,"column":0},"end":{"line":3,"column":57}},"3":{"start":{"line":4,"column":0},"end":{"line":4,"column":23}},"4":{"start":{"line":5,"column":0},"end":{"line":5,"column":35}},"5":{"start":{"line":6,"column":0},"end":{"line":6,"column":55}},"6":{"start":{"line":7,"column":0},"end":{"line":7,"column":5}},"7":{"start":{"line":8,"column":0},"end":{"line":8,"column":0}},"8":{"start":{"line":9,"column":0},"end":{"line":9,"column":19}},"9":{"start":{"line":10,"column":0},"end":{"line":10,"column":30}},"10":{"start":{"line":11,"column":0},"end":{"line":11,"column":20}},"11":{"start":{"line":12,"column":0},"end":{"line":12,"column":5}},"12":{"start":{"line":13,"column":0},"end":{"line":13,"column":1}}},"s":{"0":2,"1":2,"2":2,"3":2,"4":2,"5":1,"6":1,"7":1,"8":1,"9":1,"10":1,"11":1,"12":1},"branchMap":{"0":{"type":"branch","line":1,"loc":{"start":{"line":1,"column":0},"end":{"line":6,"column":38}},"locations":[{"start":{"line":1,"column":0},"end":{"line":6,"column":38}}]},"1":{"type":"branch","line":1,"loc":{"start":{"line":1,"column":25},"end":{"line":5,"column":27}},"locations":[{"start":{"line":1,"column":25},"end":{"line":5,"column":27}}]},"2":{"type":"branch","line":5,"loc":{"start":{"line":5,"column":4},"end":{"line":6,"column":38}},"locations":[{"start":{"line":5,"column":4},"end":{"line":6,"column":38}}]}},"b":{"0":[2],"1":[2],"2":[2]},"fnMap":{"0":{"name":"<instance_members_initializer>","decl":{"start":{"line":1,"column":0},"end":{"line":6,"column":38}},"loc":{"start":{"line":1,"column":0},"end":{"line":6,"column":38}},"line":1},"1":{"name":"_validateRequiredFields","decl":{"start":{"line":1,"column":25},"end":{"line":5,"column":27}},"loc":{"start":{"line":1,"column":25},"end":{"line":5,"column":27}},"line":1},"2":{"name":"_create","decl":{"start":{"line":5,"column":4},"end":{"line":6,"column":38}},"loc":{"start":{"line":5,"column":4},"end":{"line":6,"column":38}},"line":5}},"f":{"0":2,"1":2,"2":2}}
,"/Users/leandropassoslpkyrius/Projects/WebDev/JS-Expert/module07/behavioral/03.template-method/src/business/base/baseBusiness.js": {"path":"/Users/leandropassoslpkyrius/Projects/WebDev/JS-Expert/module07/behavioral/03.template-method/src/business/base/baseBusiness.js","all":false,"statementMap":{"0":{"start":{"line":1,"column":0},"end":{"line":1,"column":67}},"1":{"start":{"line":2,"column":0},"end":{"line":2,"column":0}},"2":{"start":{"line":3,"column":0},"end":{"line":3,"column":23}},"3":{"start":{"line":4,"column":0},"end":{"line":4,"column":35}},"4":{"start":{"line":5,"column":0},"end":{"line":5,"column":64}},"5":{"start":{"line":6,"column":0},"end":{"line":6,"column":66}},"6":{"start":{"line":7,"column":0},"end":{"line":7,"column":63}},"7":{"start":{"line":8,"column":0},"end":{"line":8,"column":33}},"8":{"start":{"line":9,"column":0},"end":{"line":9,"column":35}},"9":{"start":{"line":10,"column":0},"end":{"line":10,"column":42}},"10":{"start":{"line":11,"column":0},"end":{"line":11,"column":45}},"11":{"start":{"line":12,"column":0},"end":{"line":12,"column":9}},"12":{"start":{"line":13,"column":0},"end":{"line":13,"column":5}},"13":{"start":{"line":14,"column":0},"end":{"line":14,"column":0}},"14":{"start":{"line":15,"column":0},"end":{"line":15,"column":19}},"15":{"start":{"line":16,"column":0},"end":{"line":16,"column":42}},"16":{"start":{"line":17,"column":0},"end":{"line":17,"column":29}},"17":{"start":{"line":18,"column":0},"end":{"line":18,"column":9}},"18":{"start":{"line":19,"column":0},"end":{"line":19,"column":5}},"19":{"start":{"line":20,"column":0},"end":{"line":20,"column":6}},"20":{"start":{"line":21,"column":0},"end":{"line":21,"column":25}},"21":{"start":{"line":22,"column":0},"end":{"line":22,"column":51}},"22":{"start":{"line":23,"column":0},"end":{"line":23,"column":30}},"23":{"start":{"line":24,"column":0},"end":{"line":24,"column":0}},"24":{"start":{"line":25,"column":0},"end":{"line":25,"column":55}},"25":{"start":{"line":26,"column":0},"end":{"line":26,"column":19}},"26":{"start":{"line":27,"column":0},"end":{"line":27,"column":6}},"27":{"start":{"line":28,"column":0},"end":{"line":28,"column":18}},"28":{"start":{"line":29,"column":0},"end":{"line":29,"column":59}},"29":{"start":{"line":30,"column":0},"end":{"line":30,"column":55}},"30":{"start":{"line":31,"column":0},"end":{"line":31,"column":0}},"31":{"start":{"line":32,"column":0},"end":{"line":32,"column":34}},"32":{"start":{"line":33,"column":0},"end":{"line":33,"column":5}},"33":{"start":{"line":34,"column":0},"end":{"line":34,"column":1}}},"s":{"0":1,"1":1,"2":1,"3":1,"4":1,"5":1,"6":1,"7":1,"8":1,"9":1,"10":1,"11":1,"12":1,"13":1,"14":1,"15":1,"16":1,"17":1,"18":1,"19":1,"20":1,"21":1,"22":5,"23":5,"24":5,"25":5,"26":5,"27":5,"28":1,"29":1,"30":1,"31":1,"32":1,"33":1},"branchMap":{"0":{"type":"branch","line":7,"loc":{"start":{"line":7,"column":4},"end":{"line":9,"column":27}},"locations":[{"start":{"line":7,"column":4},"end":{"line":9,"column":27}}]},"1":{"type":"branch","line":9,"loc":{"start":{"line":9,"column":27},"end":{"line":11,"column":45}},"locations":[{"start":{"line":9,"column":27},"end":{"line":11,"column":45}}]},"2":{"type":"branch","line":23,"loc":{"start":{"line":23,"column":0},"end":{"line":29,"column":57}},"locations":[{"start":{"line":23,"column":0},"end":{"line":29,"column":57}}]},"3":{"type":"branch","line":28,"loc":{"start":{"line":28,"column":4},"end":{"line":29,"column":24}},"locations":[{"start":{"line":28,"column":4},"end":{"line":29,"column":24}}]},"4":{"type":"branch","line":29,"loc":{"start":{"line":29,"column":21},"end":{"line":29,"column":57}},"locations":[{"start":{"line":29,"column":21},"end":{"line":29,"column":57}}]}},"b":{"0":[1],"1":[1],"2":[5],"3":[1],"4":[3]},"fnMap":{"0":{"name":"_validateRequiredFields","decl":{"start":{"line":7,"column":4},"end":{"line":9,"column":27}},"loc":{"start":{"line":7,"column":4},"end":{"line":9,"column":27}},"line":7},"1":{"name":"_create","decl":{"start":{"line":9,"column":27},"end":{"line":11,"column":45}},"loc":{"start":{"line":9,"column":27},"end":{"line":11,"column":45}},"line":9},"2":{"name":"create","decl":{"start":{"line":23,"column":0},"end":{"line":29,"column":57}},"loc":{"start":{"line":23,"column":0},"end":{"line":29,"column":57}},"line":23}},"f":{"0":1,"1":1,"2":5}}
,"/Users/leandropassoslpkyrius/Projects/WebDev/JS-Expert/module07/behavioral/03.template-method/src/entities/order.js": {"path":"/Users/leandropassoslpkyrius/Projects/WebDev/JS-Expert/module07/behavioral/03.template-method/src/entities/order.js","all":false,"statementMap":{"0":{"start":{"line":1,"column":0},"end":{"line":1,"column":28}},"1":{"start":{"line":2,"column":0},"end":{"line":2,"column":51}},"2":{"start":{"line":3,"column":0},"end":{"line":3,"column":39}},"3":{"start":{"line":4,"column":0},"end":{"line":4,"column":31}},"4":{"start":{"line":5,"column":0},"end":{"line":5,"column":33}},"5":{"start":{"line":6,"column":0},"end":{"line":6,"column":5}},"6":{"start":{"line":7,"column":0},"end":{"line":7,"column":1}}},"s":{"0":2,"1":2,"2":1,"3":1,"4":1,"5":1,"6":1},"branchMap":{"0":{"type":"branch","line":1,"loc":{"start":{"line":1,"column":0},"end":{"line":3,"column":12}},"locations":[{"start":{"line":1,"column":0},"end":{"line":3,"column":12}}]}},"b":{"0":[2]},"fnMap":{"0":{"name":"Order","decl":{"start":{"line":1,"column":0},"end":{"line":3,"column":12}},"loc":{"start":{"line":1,"column":0},"end":{"line":3,"column":12}},"line":1}},"f":{"0":2}}
,"/Users/leandropassoslpkyrius/Projects/WebDev/JS-Expert/module07/behavioral/03.template-method/src/util/exceptions.js": {"path":"/Users/leandropassoslpkyrius/Projects/WebDev/JS-Expert/module07/behavioral/03.template-method/src/util/exceptions.js","all":false,"statementMap":{"0":{"start":{"line":1,"column":0},"end":{"line":1,"column":45}},"1":{"start":{"line":2,"column":0},"end":{"line":2,"column":26}},"2":{"start":{"line":3,"column":0},"end":{"line":3,"column":63}},"3":{"start":{"line":4,"column":0},"end":{"line":4,"column":0}},"4":{"start":{"line":5,"column":0},"end":{"line":5,"column":70}},"5":{"start":{"line":6,"column":0},"end":{"line":6,"column":45}},"6":{"start":{"line":7,"column":0},"end":{"line":7,"column":5}},"7":{"start":{"line":8,"column":0},"end":{"line":8,"column":1}},"8":{"start":{"line":9,"column":0},"end":{"line":9,"column":0}},"9":{"start":{"line":10,"column":0},"end":{"line":10,"column":34}}},"s":{"0":4,"1":4,"2":4,"3":4,"4":4,"5":1,"6":1,"7":1,"8":1,"9":1},"branchMap":{"0":{"type":"branch","line":1,"loc":{"start":{"line":1,"column":0},"end":{"line":5,"column":70}},"locations":[{"start":{"line":1,"column":0},"end":{"line":5,"column":70}}]}},"b":{"0":[4]},"fnMap":{"0":{"name":"NotImplementedException","decl":{"start":{"line":1,"column":0},"end":{"line":5,"column":70}},"loc":{"start":{"line":1,"column":0},"end":{"line":5,"column":70}},"line":1}},"f":{"0":4}}
}
