TN:
SF:src/createFiles.js
FN:3,defaultDependencies
FN:18,executeWrites
FN:26,createFiles
FNF:3
FNH:3
FNDA:6,defaultDependencies
FNDA:3,executeWrites
FNDA:4,createFiles
DA:1,1
DA:2,1
DA:3,1
DA:4,6
DA:5,6
DA:6,6
DA:7,6
DA:8,6
DA:9,6
DA:10,6
DA:11,6
DA:12,6
DA:13,6
DA:14,6
DA:15,6
DA:16,6
DA:17,6
DA:18,1
DA:19,3
DA:20,3
DA:21,3
DA:22,3
DA:23,6
DA:24,6
DA:25,1
DA:26,1
DA:27,4
DA:28,4
DA:29,4
DA:30,4
DA:31,4
DA:32,4
DA:33,4
DA:34,7
DA:35,7
DA:36,7
DA:37,7
DA:38,7
DA:39,7
DA:40,13
DA:41,13
DA:42,13
DA:43,7
DA:44,7
DA:45,7
DA:46,7
DA:47,7
DA:48,6
DA:49,6
DA:50,6
DA:51,6
DA:52,6
DA:53,6
DA:54,6
DA:55,6
DA:56,6
DA:57,4
DA:58,1
DA:59,1
DA:60,1
DA:61,1
DA:62,1
DA:63,1
DA:64,1
LF:64
LH:64
BRDA:3,0,0,6
BRDA:18,1,0,3
BRDA:23,2,0,6
BRDA:26,3,0,4
BRDA:33,4,0,7
BRDA:46,5,0,1
BRDA:47,6,0,6
BRDA:57,7,0,3
BRDA:40,8,0,13
BRF:9
BRH:9
end_of_record
TN:
SF:src/util.js
FN:1,#transform
FN:8,upperCaseFirstLetter
FN:14,lowerCaseFirstLetter
FNF:3
FNH:3
FNDA:24,#transform
FNDA:10,upperCaseFirstLetter
FNDA:14,lowerCaseFirstLetter
DA:1,1
DA:2,24
DA:3,24
DA:4,24
DA:5,24
DA:6,24
DA:7,24
DA:8,1
DA:9,10
DA:10,10
DA:11,10
DA:12,10
DA:13,1
DA:14,1
DA:15,14
DA:16,14
DA:17,1
DA:18,1
DA:19,1
DA:20,1
LF:20
LH:20
BRDA:1,0,0,24
BRDA:4,1,0,22
BRDA:4,2,0,5
BRDA:4,3,0,19
BRDA:4,4,0,9
BRDA:4,5,0,10
BRDA:8,6,0,10
BRDA:14,7,0,14
BRF:8
BRH:8
end_of_record
TN:
SF:src/templates/createLayers.js
FN:1,createLayersIfNotExists
FNF:1
FNH:1
FNDA:2,createLayersIfNotExists
DA:1,2
DA:2,2
DA:3,2
DA:4,2
DA:5,2
DA:6,2
DA:7,2
DA:8,2
DA:9,2
DA:10,1
DA:11,1
DA:12,1
DA:13,1
DA:14,1
LF:14
LH:14
BRDA:1,0,0,2
BRDA:5,1,0,6
BRDA:9,2,0,3
BRF:3
BRH:3
end_of_record
TN:
SF:src/templates/factoryTemplate.js
FN:17,factoryTemplate
FNF:1
FNH:1
FNDA:1,factoryTemplate
DA:1,1
DA:2,1
DA:3,1
DA:4,1
DA:5,1
DA:6,1
DA:7,1
DA:8,1
DA:9,1
DA:10,1
DA:11,1
DA:12,1
DA:13,1
DA:14,1
DA:15,1
DA:16,1
DA:17,1
DA:18,1
DA:19,1
DA:20,1
DA:21,1
DA:22,1
DA:23,1
DA:24,1
DA:25,1
DA:26,1
DA:27,1
DA:28,1
DA:29,1
DA:30,1
DA:31,1
DA:32,1
DA:33,1
DA:34,1
DA:35,1
DA:36,1
DA:37,1
DA:38,1
LF:38
LH:38
BRDA:17,0,0,1
BRF:1
BRH:1
end_of_record
TN:
SF:src/templates/index.js
FNF:0
FNH:0
DA:1,1
DA:2,1
DA:3,1
DA:4,1
DA:5,1
DA:6,1
DA:7,1
DA:8,1
DA:9,1
LF:9
LH:9
BRF:0
BRH:0
end_of_record
TN:
SF:src/templates/repositoryTemplate.js
FN:21,repositoryTemplate
FNF:1
FNH:1
FNDA:3,repositoryTemplate
DA:1,1
DA:2,1
DA:3,1
DA:4,1
DA:5,1
DA:6,1
DA:7,1
DA:8,1
DA:9,1
DA:10,1
DA:11,1
DA:12,1
DA:13,1
DA:14,1
DA:15,1
DA:16,1
DA:17,1
DA:18,1
DA:19,1
DA:20,1
DA:21,3
DA:22,3
DA:23,3
DA:24,3
DA:25,3
DA:26,3
DA:27,3
DA:28,3
DA:29,1
DA:30,1
DA:31,1
LF:31
LH:31
BRDA:21,0,0,3
BRF:1
BRH:1
end_of_record
TN:
SF:src/templates/serviceTemplate.js
FN:20,serviceTemplate
FNF:1
FNH:1
FNDA:2,serviceTemplate
DA:1,1
DA:2,1
DA:3,1
DA:4,1
DA:5,1
DA:6,1
DA:7,1
DA:8,1
DA:9,1
DA:10,1
DA:11,1
DA:12,1
DA:13,1
DA:14,1
DA:15,1
DA:16,1
DA:17,1
DA:18,1
DA:19,1
DA:20,2
DA:21,2
DA:22,2
DA:23,2
DA:24,2
DA:25,2
DA:26,2
DA:27,2
DA:28,2
DA:29,2
DA:30,2
DA:31,2
DA:32,2
DA:33,1
DA:34,1
DA:35,1
DA:36,1
DA:37,1
DA:38,1
DA:39,1
LF:39
LH:39
BRDA:20,0,0,2
BRF:1
BRH:1
end_of_record
