TN:
SF:src/createFiles.js
FN:3,defaultDependencies
FN:18,executeWrites
FN:26,createFiles
FNF:3
FNH:3
FNDA:12,defaultDependencies
FNDA:6,executeWrites
FNDA:7,createFiles
DA:1,1
DA:2,1
DA:3,1
DA:4,12
DA:5,12
DA:6,12
DA:7,12
DA:8,12
DA:9,12
DA:10,12
DA:11,12
DA:12,12
DA:13,12
DA:14,12
DA:15,12
DA:16,12
DA:17,12
DA:18,1
DA:19,6
DA:20,6
DA:21,6
DA:22,6
DA:23,12
DA:24,12
DA:25,1
DA:26,1
DA:27,7
DA:28,7
DA:29,7
DA:30,7
DA:31,7
DA:32,7
DA:33,7
DA:34,13
DA:35,13
DA:36,13
DA:37,13
DA:38,13
DA:39,13
DA:40,23
DA:41,23
DA:42,23
DA:43,13
DA:44,13
DA:45,13
DA:46,13
DA:47,13
DA:48,12
DA:49,12
DA:50,12
DA:51,12
DA:52,12
DA:53,12
DA:54,12
DA:55,12
DA:56,12
DA:57,7
DA:58,1
DA:59,1
DA:60,1
DA:61,1
DA:62,1
DA:63,1
DA:64,1
LF:64
LH:64
BRDA:3,0,0,12
BRDA:18,1,0,6
BRDA:23,2,0,12
BRDA:26,3,0,7
BRDA:33,4,0,13
BRDA:46,5,0,1
BRDA:47,6,0,12
BRDA:57,7,0,6
BRDA:40,8,0,23
BRF:9
BRH:9
end_of_record
TN:
SF:src/createLayers.js
FN:1,createLayersIfNotExists
FNF:1
FNH:1
FNDA:5,createLayersIfNotExists
DA:1,5
DA:2,5
DA:3,5
DA:4,5
DA:5,5
DA:6,5
DA:7,5
DA:8,5
DA:9,5
DA:10,1
DA:11,1
DA:12,1
DA:13,1
DA:14,1
LF:14
LH:14
BRDA:1,0,0,5
BRDA:5,1,0,15
BRDA:9,2,0,12
BRF:3
BRH:3
end_of_record
TN:
SF:src/util.js
FN:1,#transform
FN:8,upperCaseFirstLetter
FN:14,lowerCaseFirstLetter
FNF:3
FNH:3
FNDA:50,#transform
FNDA:24,upperCaseFirstLetter
FNDA:26,lowerCaseFirstLetter
DA:1,1
DA:2,50
DA:3,50
DA:4,50
DA:5,50
DA:6,50
DA:7,50
DA:8,1
DA:9,24
DA:10,24
DA:11,24
DA:12,24
DA:13,1
DA:14,1
DA:15,26
DA:16,26
DA:17,1
DA:18,1
DA:19,1
DA:20,1
LF:20
LH:20
BRDA:1,0,0,50
BRDA:4,1,0,48
BRDA:4,2,0,5
BRDA:4,3,0,45
BRDA:4,4,0,23
BRDA:4,5,0,22
BRDA:8,6,0,24
BRDA:14,7,0,26
BRF:8
BRH:8
end_of_record
TN:
SF:src/templates/factoryTemplate.js
FN:17,factoryTemplate
FNF:1
FNH:1
FNDA:2,factoryTemplate
DA:1,1
DA:2,1
DA:3,1
DA:4,1
DA:5,1
DA:6,1
DA:7,1
DA:8,1
DA:9,1
DA:10,1
DA:11,1
DA:12,1
DA:13,1
DA:14,1
DA:15,1
DA:16,1
DA:17,2
DA:18,2
DA:19,2
DA:20,2
DA:21,2
DA:22,2
DA:23,2
DA:24,2
DA:25,2
DA:26,2
DA:27,2
DA:28,2
DA:29,2
DA:30,2
DA:31,2
DA:32,1
DA:33,1
DA:34,1
DA:35,1
DA:36,1
DA:37,1
DA:38,1
LF:38
LH:38
BRDA:17,0,0,2
BRF:1
BRH:1
end_of_record
TN:
SF:src/templates/index.js
FNF:0
FNH:0
DA:1,1
DA:2,1
DA:3,1
DA:4,1
DA:5,1
DA:6,1
DA:7,1
DA:8,1
DA:9,1
LF:9
LH:9
BRF:0
BRH:0
end_of_record
TN:
SF:src/templates/repositoryTemplate.js
FN:21,repositoryTemplate
FNF:1
FNH:1
FNDA:6,repositoryTemplate
DA:1,1
DA:2,1
DA:3,1
DA:4,1
DA:5,1
DA:6,1
DA:7,1
DA:8,1
DA:9,1
DA:10,1
DA:11,1
DA:12,1
DA:13,1
DA:14,1
DA:15,1
DA:16,1
DA:17,1
DA:18,1
DA:19,1
DA:20,1
DA:21,6
DA:22,6
DA:23,6
DA:24,6
DA:25,6
DA:26,6
DA:27,6
DA:28,6
DA:29,1
DA:30,1
DA:31,1
LF:31
LH:31
BRDA:21,0,0,6
BRF:1
BRH:1
end_of_record
TN:
SF:src/templates/serviceTemplate.js
FN:20,serviceTemplate
FNF:1
FNH:1
FNDA:4,serviceTemplate
DA:1,1
DA:2,1
DA:3,1
DA:4,1
DA:5,1
DA:6,1
DA:7,1
DA:8,1
DA:9,1
DA:10,1
DA:11,1
DA:12,1
DA:13,1
DA:14,1
DA:15,1
DA:16,1
DA:17,1
DA:18,1
DA:19,1
DA:20,4
DA:21,4
DA:22,4
DA:23,4
DA:24,4
DA:25,4
DA:26,4
DA:27,4
DA:28,4
DA:29,4
DA:30,4
DA:31,4
DA:32,4
DA:33,1
DA:34,1
DA:35,1
DA:36,1
DA:37,1
DA:38,1
DA:39,1
LF:39
LH:39
BRDA:20,0,0,4
BRF:1
BRH:1
end_of_record
