{"/Users/leandropassoslpkyrius/Projects/WebDev/JS-Expert/module07/structural/05-adapter/src/business/adapters/rickAndMortyBRLAdapter.js": {"path":"/Users/leandropassoslpkyrius/Projects/WebDev/JS-Expert/module07/structural/05-adapter/src/business/adapters/rickAndMortyBRLAdapter.js","all":false,"statementMap":{"0":{"start":{"line":1,"column":0},"end":{"line":1,"column":65}},"1":{"start":{"line":2,"column":0},"end":{"line":2,"column":0}},"2":{"start":{"line":3,"column":0},"end":{"line":3,"column":45}},"3":{"start":{"line":4,"column":0},"end":{"line":4,"column":34}},"4":{"start":{"line":5,"column":0},"end":{"line":5,"column":54}},"5":{"start":{"line":6,"column":0},"end":{"line":6,"column":5}},"6":{"start":{"line":7,"column":0},"end":{"line":7,"column":1}}},"s":{"0":1,"1":1,"2":1,"3":1,"4":1,"5":1,"6":1},"branchMap":{"0":{"type":"branch","line":1,"loc":{"start":{"line":1,"column":28},"end":{"line":3,"column":45}},"locations":[{"start":{"line":1,"column":28},"end":{"line":3,"column":45}}]}},"b":{"0":[1]},"fnMap":{"0":{"name":"getCharacters","decl":{"start":{"line":1,"column":28},"end":{"line":3,"column":45}},"loc":{"start":{"line":1,"column":28},"end":{"line":3,"column":45}},"line":1}},"f":{"0":1}}
,"/Users/leandropassoslpkyrius/Projects/WebDev/JS-Expert/module07/structural/05-adapter/src/business/adapters/rickAndMortyUSAAdapter.js": {"path":"/Users/leandropassoslpkyrius/Projects/WebDev/JS-Expert/module07/structural/05-adapter/src/business/adapters/rickAndMortyUSAAdapter.js","all":false,"statementMap":{"0":{"start":{"line":1,"column":0},"end":{"line":1,"column":65}},"1":{"start":{"line":2,"column":0},"end":{"line":2,"column":0}},"2":{"start":{"line":3,"column":0},"end":{"line":3,"column":45}},"3":{"start":{"line":4,"column":0},"end":{"line":4,"column":34}},"4":{"start":{"line":5,"column":0},"end":{"line":5,"column":53}},"5":{"start":{"line":6,"column":0},"end":{"line":6,"column":5}},"6":{"start":{"line":7,"column":0},"end":{"line":7,"column":1}}},"s":{"0":1,"1":1,"2":1,"3":1,"4":1,"5":1,"6":1},"branchMap":{"0":{"type":"branch","line":1,"loc":{"start":{"line":1,"column":28},"end":{"line":3,"column":44}},"locations":[{"start":{"line":1,"column":28},"end":{"line":3,"column":44}}]}},"b":{"0":[1]},"fnMap":{"0":{"name":"getCharacters","decl":{"start":{"line":1,"column":28},"end":{"line":3,"column":44}},"loc":{"start":{"line":1,"column":28},"end":{"line":3,"column":44}},"line":1}},"f":{"0":1}}
,"/Users/leandropassoslpkyrius/Projects/WebDev/JS-Expert/module07/structural/05-adapter/src/business/integrations/rickAndMortyBRL.js": {"path":"/Users/leandropassoslpkyrius/Projects/WebDev/JS-Expert/module07/structural/05-adapter/src/business/integrations/rickAndMortyBRL.js","all":false,"statementMap":{"0":{"start":{"line":1,"column":0},"end":{"line":1,"column":25}},"1":{"start":{"line":2,"column":0},"end":{"line":2,"column":51}},"2":{"start":{"line":3,"column":0},"end":{"line":3,"column":17}},"3":{"start":{"line":4,"column":0},"end":{"line":4,"column":169}},"4":{"start":{"line":5,"column":0},"end":{"line":5,"column":0}},"5":{"start":{"line":6,"column":0},"end":{"line":6,"column":38}},"6":{"start":{"line":7,"column":0},"end":{"line":7,"column":42}},"7":{"start":{"line":8,"column":0},"end":{"line":8,"column":66}},"8":{"start":{"line":9,"column":0},"end":{"line":9,"column":72}},"9":{"start":{"line":10,"column":0},"end":{"line":10,"column":66}},"10":{"start":{"line":11,"column":0},"end":{"line":11,"column":39}},"11":{"start":{"line":12,"column":0},"end":{"line":12,"column":63}},"12":{"start":{"line":13,"column":0},"end":{"line":13,"column":55}},"13":{"start":{"line":14,"column":0},"end":{"line":14,"column":0}},"14":{"start":{"line":15,"column":0},"end":{"line":15,"column":5}},"15":{"start":{"line":16,"column":0},"end":{"line":16,"column":1}}},"s":{"0":1,"1":1,"2":1,"3":1,"4":2,"5":2,"6":2,"7":2,"8":2,"9":2,"10":2,"11":1,"12":1,"13":1,"14":1,"15":1},"branchMap":{"0":{"type":"branch","line":4,"loc":{"start":{"line":4,"column":12},"end":{"line":12,"column":39}},"locations":[{"start":{"line":4,"column":12},"end":{"line":12,"column":39}}]},"1":{"type":"branch","line":12,"loc":{"start":{"line":12,"column":16},"end":{"line":12,"column":37}},"locations":[{"start":{"line":12,"column":16},"end":{"line":12,"column":37}}]}},"b":{"0":[2],"1":[1]},"fnMap":{"0":{"name":"getCharactersFromJSON","decl":{"start":{"line":4,"column":12},"end":{"line":12,"column":39}},"loc":{"start":{"line":4,"column":12},"end":{"line":12,"column":39}},"line":4}},"f":{"0":2}}
,"/Users/leandropassoslpkyrius/Projects/WebDev/JS-Expert/module07/structural/05-adapter/src/business/integrations/rickAndMortyUSA.js": {"path":"/Users/leandropassoslpkyrius/Projects/WebDev/JS-Expert/module07/structural/05-adapter/src/business/integrations/rickAndMortyUSA.js","all":false,"statementMap":{"0":{"start":{"line":1,"column":0},"end":{"line":1,"column":25}},"1":{"start":{"line":2,"column":0},"end":{"line":2,"column":43}},"2":{"start":{"line":3,"column":0},"end":{"line":3,"column":51}},"3":{"start":{"line":4,"column":0},"end":{"line":4,"column":0}},"4":{"start":{"line":5,"column":0},"end":{"line":5,"column":168}},"5":{"start":{"line":6,"column":0},"end":{"line":6,"column":0}},"6":{"start":{"line":7,"column":0},"end":{"line":7,"column":38}},"7":{"start":{"line":8,"column":0},"end":{"line":8,"column":41}},"8":{"start":{"line":9,"column":0},"end":{"line":9,"column":45}},"9":{"start":{"line":10,"column":0},"end":{"line":10,"column":25}},"10":{"start":{"line":11,"column":0},"end":{"line":11,"column":52}},"11":{"start":{"line":12,"column":0},"end":{"line":12,"column":101}},"12":{"start":{"line":13,"column":0},"end":{"line":13,"column":9}},"13":{"start":{"line":14,"column":0},"end":{"line":14,"column":0}},"14":{"start":{"line":15,"column":0},"end":{"line":15,"column":124}},"15":{"start":{"line":16,"column":0},"end":{"line":16,"column":45}},"16":{"start":{"line":17,"column":0},"end":{"line":17,"column":57}},"17":{"start":{"line":18,"column":0},"end":{"line":18,"column":94}},"18":{"start":{"line":19,"column":0},"end":{"line":19,"column":111}},"19":{"start":{"line":20,"column":0},"end":{"line":20,"column":95}},"20":{"start":{"line":21,"column":0},"end":{"line":21,"column":61}},"21":{"start":{"line":22,"column":0},"end":{"line":22,"column":5}},"22":{"start":{"line":23,"column":0},"end":{"line":23,"column":1}}},"s":{"0":1,"1":1,"2":1,"3":1,"4":1,"5":2,"6":2,"7":2,"8":2,"9":2,"10":2,"11":2,"12":2,"13":2,"14":2,"15":2,"16":2,"17":2,"18":2,"19":1,"20":1,"21":1,"22":1},"branchMap":{"0":{"type":"branch","line":5,"loc":{"start":{"line":5,"column":12},"end":{"line":20,"column":73}},"locations":[{"start":{"line":5,"column":12},"end":{"line":20,"column":73}}]},"1":{"type":"branch","line":19,"loc":{"start":{"line":19,"column":8},"end":{"line":19,"column":111}},"locations":[{"start":{"line":19,"column":8},"end":{"line":19,"column":111}}]},"2":{"type":"branch","line":19,"loc":{"start":{"line":19,"column":8},"end":{"line":19,"column":111}},"locations":[{"start":{"line":19,"column":8},"end":{"line":19,"column":111}}]},"3":{"type":"branch","line":20,"loc":{"start":{"line":20,"column":36},"end":{"line":20,"column":65}},"locations":[{"start":{"line":20,"column":36},"end":{"line":20,"column":65}}]}},"b":{"0":[2],"1":[1],"2":[1],"3":[1]},"fnMap":{"0":{"name":"getCharactersFromXML","decl":{"start":{"line":5,"column":12},"end":{"line":20,"column":73}},"loc":{"start":{"line":5,"column":12},"end":{"line":20,"column":73}},"line":5}},"f":{"0":2}}
,"/Users/leandropassoslpkyrius/Projects/WebDev/JS-Expert/module07/structural/05-adapter/src/entities/character.js": {"path":"/Users/leandropassoslpkyrius/Projects/WebDev/JS-Expert/module07/structural/05-adapter/src/entities/character.js","all":false,"statementMap":{"0":{"start":{"line":1,"column":0},"end":{"line":1,"column":32}},"1":{"start":{"line":2,"column":0},"end":{"line":2,"column":80}},"2":{"start":{"line":3,"column":0},"end":{"line":3,"column":30}},"3":{"start":{"line":4,"column":0},"end":{"line":4,"column":26}},"4":{"start":{"line":5,"column":0},"end":{"line":5,"column":30}},"5":{"start":{"line":6,"column":0},"end":{"line":6,"column":32}},"6":{"start":{"line":7,"column":0},"end":{"line":7,"column":26}},"7":{"start":{"line":8,"column":0},"end":{"line":8,"column":30}},"8":{"start":{"line":9,"column":0},"end":{"line":9,"column":36}},"9":{"start":{"line":10,"column":0},"end":{"line":10,"column":38}},"10":{"start":{"line":11,"column":0},"end":{"line":11,"column":5}},"11":{"start":{"line":12,"column":0},"end":{"line":12,"column":1}}},"s":{"0":3,"1":3,"2":3,"3":3,"4":3,"5":3,"6":1,"7":1,"8":1,"9":1,"10":1,"11":1},"branchMap":{"0":{"type":"branch","line":1,"loc":{"start":{"line":1,"column":0},"end":{"line":7,"column":24}},"locations":[{"start":{"line":1,"column":0},"end":{"line":7,"column":24}}]}},"b":{"0":[3]},"fnMap":{"0":{"name":"Character","decl":{"start":{"line":1,"column":0},"end":{"line":7,"column":24}},"loc":{"start":{"line":1,"column":0},"end":{"line":7,"column":24}},"line":1}},"f":{"0":3}}
}
