TN:
SF:src/business/adapters/rickAndMortyBRLAdapter.js
FN:1,getCharacters
FNF:1
FNH:1
FNDA:1,getCharacters
DA:1,1
DA:2,1
DA:3,1
DA:4,1
DA:5,1
DA:6,1
DA:7,1
LF:7
LH:7
BRDA:1,0,0,1
BRF:1
BRH:1
end_of_record
TN:
SF:src/business/adapters/rickAndMortyUSAAdapter.js
FN:1,getCharacters
FNF:1
FNH:1
FNDA:1,getCharacters
DA:1,1
DA:2,1
DA:3,1
DA:4,1
DA:5,1
DA:6,1
DA:7,1
LF:7
LH:7
BRDA:1,0,0,1
BRF:1
BRH:1
end_of_record
TN:
SF:src/business/integrations/rickAndMortyBRL.js
FN:4,getCharactersFromJSON
FNF:1
FNH:1
FNDA:2,getCharactersFromJSON
DA:1,1
DA:2,1
DA:3,1
DA:4,1
DA:5,2
DA:6,2
DA:7,2
DA:8,2
DA:9,2
DA:10,2
DA:11,2
DA:12,1
DA:13,1
DA:14,1
DA:15,1
DA:16,1
LF:16
LH:16
BRDA:4,0,0,2
BRDA:12,1,0,1
BRF:2
BRH:2
end_of_record
TN:
SF:src/business/integrations/rickAndMortyUSA.js
FN:5,getCharactersFromXML
FNF:1
FNH:1
FNDA:2,getCharactersFromXML
DA:1,1
DA:2,1
DA:3,1
DA:4,1
DA:5,1
DA:6,2
DA:7,2
DA:8,2
DA:9,2
DA:10,2
DA:11,2
DA:12,2
DA:13,2
DA:14,2
DA:15,2
DA:16,2
DA:17,2
DA:18,2
DA:19,2
DA:20,1
DA:21,1
DA:22,1
DA:23,1
LF:23
LH:23
BRDA:5,0,0,2
BRDA:19,1,0,1
BRDA:19,2,0,1
BRDA:20,3,0,1
BRF:4
BRH:4
end_of_record
TN:
SF:src/entities/character.js
FN:1,Character
FNF:1
FNH:1
FNDA:3,Character
DA:1,3
DA:2,3
DA:3,3
DA:4,3
DA:5,3
DA:6,3
DA:7,1
DA:8,1
DA:9,1
DA:10,1
DA:11,1
DA:12,1
LF:12
LH:12
BRDA:1,0,0,3
BRF:1
BRH:1
end_of_record
