{"/Users/leandropassoslpkyrius/Projects/WebDev/JS-Expert/module08/01-my-first-npm-module/fluentsql-jest-tdd-yt/src/fluentSQL.js": {"path":"/Users/leandropassoslpkyrius/Projects/WebDev/JS-Expert/module08/01-my-first-npm-module/fluentsql-jest-tdd-yt/src/fluentSQL.js","all":false,"statementMap":{"0":{"start":{"line":1,"column":0},"end":{"line":1,"column":39}},"1":{"start":{"line":2,"column":0},"end":{"line":2,"column":18}},"2":{"start":{"line":3,"column":0},"end":{"line":3,"column":14}},"3":{"start":{"line":4,"column":0},"end":{"line":4,"column":16}},"4":{"start":{"line":5,"column":0},"end":{"line":5,"column":15}},"5":{"start":{"line":6,"column":0},"end":{"line":6,"column":17}},"6":{"start":{"line":7,"column":0},"end":{"line":7,"column":15}},"7":{"start":{"line":8,"column":0},"end":{"line":8,"column":0}},"8":{"start":{"line":9,"column":0},"end":{"line":9,"column":31}},"9":{"start":{"line":10,"column":0},"end":{"line":10,"column":33}},"10":{"start":{"line":11,"column":0},"end":{"line":11,"column":5}},"11":{"start":{"line":12,"column":0},"end":{"line":12,"column":0}},"12":{"start":{"line":13,"column":0},"end":{"line":13,"column":26}},"13":{"start":{"line":14,"column":0},"end":{"line":14,"column":49}},"14":{"start":{"line":15,"column":0},"end":{"line":15,"column":5}},"15":{"start":{"line":16,"column":0},"end":{"line":16,"column":0}},"16":{"start":{"line":17,"column":0},"end":{"line":17,"column":16}},"17":{"start":{"line":18,"column":0},"end":{"line":18,"column":25}},"18":{"start":{"line":19,"column":0},"end":{"line":19,"column":0}},"19":{"start":{"line":20,"column":0},"end":{"line":20,"column":19}},"20":{"start":{"line":21,"column":0},"end":{"line":21,"column":5}},"21":{"start":{"line":22,"column":0},"end":{"line":22,"column":0}},"22":{"start":{"line":23,"column":0},"end":{"line":23,"column":19}},"23":{"start":{"line":24,"column":0},"end":{"line":24,"column":28}},"24":{"start":{"line":25,"column":0},"end":{"line":25,"column":0}},"25":{"start":{"line":26,"column":0},"end":{"line":26,"column":19}},"26":{"start":{"line":27,"column":0},"end":{"line":27,"column":5}},"27":{"start":{"line":28,"column":0},"end":{"line":28,"column":0}},"28":{"start":{"line":29,"column":0},"end":{"line":29,"column":18}},"29":{"start":{"line":30,"column":0},"end":{"line":30,"column":34}},"30":{"start":{"line":31,"column":0},"end":{"line":31,"column":28}},"31":{"start":{"line":32,"column":0},"end":{"line":32,"column":61}},"32":{"start":{"line":33,"column":0},"end":{"line":33,"column":61}},"33":{"start":{"line":34,"column":0},"end":{"line":34,"column":27}},"34":{"start":{"line":35,"column":0},"end":{"line":35,"column":37}},"35":{"start":{"line":36,"column":0},"end":{"line":36,"column":0}},"36":{"start":{"line":37,"column":0},"end":{"line":37,"column":10}},"37":{"start":{"line":38,"column":0},"end":{"line":38,"column":9}},"38":{"start":{"line":39,"column":0},"end":{"line":39,"column":35}},"39":{"start":{"line":40,"column":0},"end":{"line":40,"column":9}},"40":{"start":{"line":41,"column":0},"end":{"line":41,"column":10}},"41":{"start":{"line":42,"column":0},"end":{"line":42,"column":0}},"42":{"start":{"line":43,"column":0},"end":{"line":43,"column":54}},"43":{"start":{"line":44,"column":0},"end":{"line":44,"column":0}},"44":{"start":{"line":45,"column":0},"end":{"line":45,"column":19}},"45":{"start":{"line":46,"column":0},"end":{"line":46,"column":5}},"46":{"start":{"line":47,"column":0},"end":{"line":47,"column":0}},"47":{"start":{"line":48,"column":0},"end":{"line":48,"column":20}},"48":{"start":{"line":49,"column":0},"end":{"line":49,"column":29}},"49":{"start":{"line":50,"column":0},"end":{"line":50,"column":8}},"50":{"start":{"line":51,"column":0},"end":{"line":51,"column":19}},"51":{"start":{"line":52,"column":0},"end":{"line":52,"column":5}},"52":{"start":{"line":53,"column":0},"end":{"line":53,"column":0}},"53":{"start":{"line":54,"column":0},"end":{"line":54,"column":20}},"54":{"start":{"line":55,"column":0},"end":{"line":55,"column":27}},"55":{"start":{"line":56,"column":0},"end":{"line":56,"column":8}},"56":{"start":{"line":57,"column":0},"end":{"line":57,"column":19}},"57":{"start":{"line":58,"column":0},"end":{"line":58,"column":5}},"58":{"start":{"line":59,"column":0},"end":{"line":59,"column":0}},"59":{"start":{"line":60,"column":0},"end":{"line":60,"column":28}},"60":{"start":{"line":61,"column":0},"end":{"line":61,"column":60}},"61":{"start":{"line":62,"column":0},"end":{"line":62,"column":5}},"62":{"start":{"line":63,"column":0},"end":{"line":63,"column":0}},"63":{"start":{"line":64,"column":0},"end":{"line":64,"column":25}},"64":{"start":{"line":65,"column":0},"end":{"line":65,"column":52}},"65":{"start":{"line":66,"column":0},"end":{"line":66,"column":53}},"66":{"start":{"line":67,"column":0},"end":{"line":67,"column":9}},"67":{"start":{"line":68,"column":0},"end":{"line":68,"column":0}},"68":{"start":{"line":69,"column":0},"end":{"line":69,"column":19}},"69":{"start":{"line":70,"column":0},"end":{"line":70,"column":5}},"70":{"start":{"line":71,"column":0},"end":{"line":71,"column":0}},"71":{"start":{"line":72,"column":0},"end":{"line":72,"column":27}},"72":{"start":{"line":73,"column":0},"end":{"line":73,"column":30}},"73":{"start":{"line":74,"column":0},"end":{"line":74,"column":44}},"74":{"start":{"line":75,"column":0},"end":{"line":75,"column":45}},"75":{"start":{"line":76,"column":0},"end":{"line":76,"column":75}},"76":{"start":{"line":77,"column":0},"end":{"line":77,"column":0}},"77":{"start":{"line":78,"column":0},"end":{"line":78,"column":36}},"78":{"start":{"line":79,"column":0},"end":{"line":79,"column":9}},"79":{"start":{"line":80,"column":0},"end":{"line":80,"column":0}},"80":{"start":{"line":81,"column":0},"end":{"line":81,"column":26}},"81":{"start":{"line":82,"column":0},"end":{"line":82,"column":5}},"82":{"start":{"line":83,"column":0},"end":{"line":83,"column":0}},"83":{"start":{"line":84,"column":0},"end":{"line":84,"column":31}},"84":{"start":{"line":85,"column":0},"end":{"line":85,"column":8}},"85":{"start":{"line":86,"column":0},"end":{"line":86,"column":41}},"86":{"start":{"line":87,"column":0},"end":{"line":87,"column":0}},"87":{"start":{"line":88,"column":0},"end":{"line":88,"column":45}},"88":{"start":{"line":89,"column":0},"end":{"line":89,"column":73}},"89":{"start":{"line":90,"column":0},"end":{"line":90,"column":10}},"90":{"start":{"line":91,"column":0},"end":{"line":91,"column":8}},"91":{"start":{"line":92,"column":0},"end":{"line":92,"column":0}},"92":{"start":{"line":93,"column":0},"end":{"line":93,"column":28}},"93":{"start":{"line":94,"column":0},"end":{"line":94,"column":39}},"94":{"start":{"line":95,"column":0},"end":{"line":95,"column":0}},"95":{"start":{"line":96,"column":0},"end":{"line":96,"column":30}},"96":{"start":{"line":97,"column":0},"end":{"line":97,"column":0}},"97":{"start":{"line":98,"column":0},"end":{"line":98,"column":38}},"98":{"start":{"line":99,"column":0},"end":{"line":99,"column":51}},"99":{"start":{"line":100,"column":0},"end":{"line":100,"column":0}},"100":{"start":{"line":101,"column":0},"end":{"line":101,"column":52}},"101":{"start":{"line":102,"column":0},"end":{"line":102,"column":69}},"102":{"start":{"line":103,"column":0},"end":{"line":103,"column":41}},"103":{"start":{"line":104,"column":0},"end":{"line":104,"column":9}},"104":{"start":{"line":105,"column":0},"end":{"line":105,"column":0}},"105":{"start":{"line":106,"column":0},"end":{"line":106,"column":67}},"106":{"start":{"line":107,"column":0},"end":{"line":107,"column":5}},"107":{"start":{"line":108,"column":0},"end":{"line":108,"column":0}},"108":{"start":{"line":109,"column":0},"end":{"line":109,"column":13}},"109":{"start":{"line":110,"column":0},"end":{"line":110,"column":26}},"110":{"start":{"line":111,"column":0},"end":{"line":111,"column":44}},"111":{"start":{"line":112,"column":0},"end":{"line":112,"column":52}},"112":{"start":{"line":113,"column":0},"end":{"line":113,"column":0}},"113":{"start":{"line":114,"column":0},"end":{"line":114,"column":57}},"114":{"start":{"line":115,"column":0},"end":{"line":115,"column":37}},"115":{"start":{"line":116,"column":0},"end":{"line":116,"column":0}},"116":{"start":{"line":117,"column":0},"end":{"line":117,"column":51}},"117":{"start":{"line":118,"column":0},"end":{"line":118,"column":0}},"118":{"start":{"line":119,"column":0},"end":{"line":119,"column":9}},"119":{"start":{"line":120,"column":0},"end":{"line":120,"column":51}},"120":{"start":{"line":121,"column":0},"end":{"line":121,"column":59}},"121":{"start":{"line":122,"column":0},"end":{"line":122,"column":0}},"122":{"start":{"line":123,"column":0},"end":{"line":123,"column":28}},"123":{"start":{"line":124,"column":0},"end":{"line":124,"column":5}},"124":{"start":{"line":125,"column":0},"end":{"line":125,"column":1}}},"s":{"0":9,"1":9,"2":9,"3":9,"4":9,"5":9,"6":9,"7":8,"8":8,"9":8,"10":8,"11":1,"12":1,"13":9,"14":2,"15":2,"16":2,"17":2,"18":3,"19":3,"20":3,"21":3,"22":3,"23":3,"24":3,"25":3,"26":3,"27":3,"28":3,"29":3,"30":3,"31":3,"32":3,"33":3,"34":3,"35":3,"36":3,"37":3,"38":3,"39":3,"40":3,"41":3,"42":9,"43":9,"44":9,"45":1,"46":1,"47":1,"48":1,"49":16,"50":16,"51":16,"52":16,"53":16,"54":16,"55":1,"56":1,"57":16,"58":9,"59":9,"60":19,"61":19,"62":8,"63":8,"64":9,"65":16,"66":16,"67":16,"68":16,"69":16,"70":16,"71":16,"72":16,"73":48,"74":48,"75":9,"76":7,"77":7,"78":5,"79":5,"80":7,"81":2,"82":2,"83":2,"84":4,"85":4,"86":4,"87":9,"88":7,"89":1,"90":1,"91":1,"92":1,"93":7,"94":3,"95":3,"96":3,"97":3,"98":3,"99":3,"100":3,"101":7,"102":9,"103":7,"104":7,"105":7,"106":19,"107":19,"108":19,"109":19,"110":16,"111":16,"112":16,"113":7,"114":7,"115":7,"116":7,"117":7,"118":7,"119":9,"120":1,"121":1,"122":1,"123":1,"124":1},"branchMap":{"0":{"type":"branch","line":1,"loc":{"start":{"line":1,"column":0},"end":{"line":120,"column":51}},"locations":[{"start":{"line":1,"column":0},"end":{"line":120,"column":51}}]},"1":{"type":"branch","line":2,"loc":{"start":{"line":2,"column":5},"end":{"line":6,"column":15}},"locations":[{"start":{"line":2,"column":5},"end":{"line":6,"column":15}}]},"2":{"type":"branch","line":7,"loc":{"start":{"line":7,"column":5},"end":{"line":11,"column":5}},"locations":[{"start":{"line":7,"column":5},"end":{"line":11,"column":5}}]},"3":{"type":"branch","line":11,"loc":{"start":{"line":11,"column":4},"end":{"line":14,"column":35}},"locations":[{"start":{"line":11,"column":4},"end":{"line":14,"column":35}}]},"4":{"type":"branch","line":14,"loc":{"start":{"line":14,"column":36},"end":{"line":18,"column":25}},"locations":[{"start":{"line":14,"column":36},"end":{"line":18,"column":25}}]},"5":{"type":"branch","line":19,"loc":{"start":{"line":19,"column":-1},"end":{"line":43,"column":12}},"locations":[{"start":{"line":19,"column":-1},"end":{"line":43,"column":12}}]},"6":{"type":"branch","line":32,"loc":{"start":{"line":32,"column":22},"end":{"line":32,"column":46}},"locations":[{"start":{"line":32,"column":22},"end":{"line":32,"column":46}}]},"7":{"type":"branch","line":32,"loc":{"start":{"line":32,"column":46},"end":{"line":33,"column":14}},"locations":[{"start":{"line":32,"column":46},"end":{"line":33,"column":14}}]},"8":{"type":"branch","line":43,"loc":{"start":{"line":43,"column":8},"end":{"line":43,"column":54}},"locations":[{"start":{"line":43,"column":8},"end":{"line":43,"column":54}}]},"9":{"type":"branch","line":45,"loc":{"start":{"line":45,"column":8},"end":{"line":49,"column":29}},"locations":[{"start":{"line":45,"column":8},"end":{"line":49,"column":29}}]},"10":{"type":"branch","line":50,"loc":{"start":{"line":50,"column":-1},"end":{"line":58,"column":5}},"locations":[{"start":{"line":50,"column":-1},"end":{"line":58,"column":5}}]},"11":{"type":"branch","line":55,"loc":{"start":{"line":55,"column":8},"end":{"line":57,"column":19}},"locations":[{"start":{"line":55,"column":8},"end":{"line":57,"column":19}}]},"12":{"type":"branch","line":60,"loc":{"start":{"line":60,"column":4},"end":{"line":65,"column":42}},"locations":[{"start":{"line":60,"column":4},"end":{"line":65,"column":42}}]},"13":{"type":"branch","line":62,"loc":{"start":{"line":62,"column":4},"end":{"line":65,"column":33}},"locations":[{"start":{"line":62,"column":4},"end":{"line":65,"column":33}}]},"14":{"type":"branch","line":65,"loc":{"start":{"line":65,"column":13},"end":{"line":65,"column":27}},"locations":[{"start":{"line":65,"column":13},"end":{"line":65,"column":27}}]},"15":{"type":"branch","line":65,"loc":{"start":{"line":65,"column":29},"end":{"line":65,"column":42}},"locations":[{"start":{"line":65,"column":29},"end":{"line":65,"column":42}}]},"16":{"type":"branch","line":65,"loc":{"start":{"line":65,"column":43},"end":{"line":76,"column":60}},"locations":[{"start":{"line":65,"column":43},"end":{"line":76,"column":60}}]},"17":{"type":"branch","line":73,"loc":{"start":{"line":73,"column":25},"end":{"line":76,"column":27}},"locations":[{"start":{"line":73,"column":25},"end":{"line":76,"column":27}}]},"18":{"type":"branch","line":74,"loc":{"start":{"line":74,"column":24},"end":{"line":75,"column":18}},"locations":[{"start":{"line":74,"column":24},"end":{"line":75,"column":18}}]},"19":{"type":"branch","line":75,"loc":{"start":{"line":75,"column":18},"end":{"line":75,"column":30}},"locations":[{"start":{"line":75,"column":18},"end":{"line":75,"column":30}}]},"20":{"type":"branch","line":75,"loc":{"start":{"line":75,"column":25},"end":{"line":76,"column":27}},"locations":[{"start":{"line":75,"column":25},"end":{"line":76,"column":27}}]},"21":{"type":"branch","line":76,"loc":{"start":{"line":76,"column":52},"end":{"line":88,"column":39}},"locations":[{"start":{"line":76,"column":52},"end":{"line":88,"column":39}}]},"22":{"type":"branch","line":79,"loc":{"start":{"line":79,"column":-1},"end":{"line":81,"column":15}},"locations":[{"start":{"line":79,"column":-1},"end":{"line":81,"column":15}}]},"23":{"type":"branch","line":81,"loc":{"start":{"line":81,"column":8},"end":{"line":88,"column":39}},"locations":[{"start":{"line":81,"column":8},"end":{"line":88,"column":39}}]},"24":{"type":"branch","line":84,"loc":{"start":{"line":84,"column":5},"end":{"line":88,"column":33}},"locations":[{"start":{"line":84,"column":5},"end":{"line":88,"column":33}}]},"25":{"type":"branch","line":88,"loc":{"start":{"line":88,"column":39},"end":{"line":103,"column":35}},"locations":[{"start":{"line":88,"column":39},"end":{"line":103,"column":35}}]},"26":{"type":"branch","line":89,"loc":{"start":{"line":89,"column":39},"end":{"line":89,"column":62}},"locations":[{"start":{"line":89,"column":39},"end":{"line":89,"column":62}}]},"27":{"type":"branch","line":89,"loc":{"start":{"line":89,"column":62},"end":{"line":94,"column":16}},"locations":[{"start":{"line":89,"column":62},"end":{"line":94,"column":16}}]},"28":{"type":"branch","line":94,"loc":{"start":{"line":94,"column":12},"end":{"line":102,"column":23}},"locations":[{"start":{"line":94,"column":12},"end":{"line":102,"column":23}}]},"29":{"type":"branch","line":101,"loc":{"start":{"line":101,"column":12},"end":{"line":101,"column":52}},"locations":[{"start":{"line":101,"column":12},"end":{"line":101,"column":52}}]},"30":{"type":"branch","line":102,"loc":{"start":{"line":102,"column":23},"end":{"line":103,"column":35}},"locations":[{"start":{"line":102,"column":23},"end":{"line":103,"column":35}}]},"31":{"type":"branch","line":103,"loc":{"start":{"line":103,"column":24},"end":{"line":120,"column":50}},"locations":[{"start":{"line":103,"column":24},"end":{"line":120,"column":50}}]},"32":{"type":"branch","line":106,"loc":{"start":{"line":106,"column":29},"end":{"line":114,"column":56}},"locations":[{"start":{"line":106,"column":29},"end":{"line":114,"column":56}}]},"33":{"type":"branch","line":110,"loc":{"start":{"line":110,"column":14},"end":{"line":110,"column":26}},"locations":[{"start":{"line":110,"column":14},"end":{"line":110,"column":26}}]},"34":{"type":"branch","line":111,"loc":{"start":{"line":111,"column":-1},"end":{"line":114,"column":51}},"locations":[{"start":{"line":111,"column":-1},"end":{"line":114,"column":51}}]},"35":{"type":"branch","line":114,"loc":{"start":{"line":114,"column":38},"end":{"line":114,"column":51}},"locations":[{"start":{"line":114,"column":38},"end":{"line":114,"column":51}}]}},"b":{"0":[9],"1":[9],"2":[8],"3":[1],"4":[2],"5":[3],"6":[2],"7":[1],"8":[2],"9":[1],"10":[16],"11":[1],"12":[19],"13":[8],"14":[3],"15":[16],"16":[16],"17":[48],"18":[12],"19":[4],"20":[44],"21":[7],"22":[5],"23":[2],"24":[4],"25":[7],"26":[6],"27":[1],"28":[3],"29":[2],"30":[1],"31":[7],"32":[19],"33":[3],"34":[16],"35":[1]},"fnMap":{"0":{"name":"<instance_members_initializer>","decl":{"start":{"line":1,"column":0},"end":{"line":120,"column":51}},"loc":{"start":{"line":1,"column":0},"end":{"line":120,"column":51}},"line":1},"1":{"name":"FluentSQLBuilder","decl":{"start":{"line":2,"column":5},"end":{"line":6,"column":15}},"loc":{"start":{"line":2,"column":5},"end":{"line":6,"column":15}},"line":2},"2":{"name":"for","decl":{"start":{"line":7,"column":5},"end":{"line":11,"column":5}},"loc":{"start":{"line":7,"column":5},"end":{"line":11,"column":5}},"line":7},"3":{"name":"limit","decl":{"start":{"line":11,"column":4},"end":{"line":14,"column":35}},"loc":{"start":{"line":11,"column":4},"end":{"line":14,"column":35}},"line":11},"4":{"name":"select","decl":{"start":{"line":14,"column":36},"end":{"line":18,"column":25}},"loc":{"start":{"line":14,"column":36},"end":{"line":18,"column":25}},"line":14},"5":{"name":"where","decl":{"start":{"line":19,"column":-1},"end":{"line":43,"column":12}},"loc":{"start":{"line":19,"column":-1},"end":{"line":43,"column":12}},"line":19},"6":{"name":"orderBy","decl":{"start":{"line":43,"column":8},"end":{"line":43,"column":54}},"loc":{"start":{"line":43,"column":8},"end":{"line":43,"column":54}},"line":43},"7":{"name":"countBy","decl":{"start":{"line":45,"column":8},"end":{"line":49,"column":29}},"loc":{"start":{"line":45,"column":8},"end":{"line":49,"column":29}},"line":45},"8":{"name":"#performLimit","decl":{"start":{"line":50,"column":-1},"end":{"line":58,"column":5}},"loc":{"start":{"line":50,"column":-1},"end":{"line":58,"column":5}},"line":50},"9":{"name":"#performWhere","decl":{"start":{"line":60,"column":4},"end":{"line":65,"column":42}},"loc":{"start":{"line":60,"column":4},"end":{"line":65,"column":42}},"line":60},"10":{"name":"#performSelect","decl":{"start":{"line":65,"column":43},"end":{"line":76,"column":60}},"loc":{"start":{"line":65,"column":43},"end":{"line":76,"column":60}},"line":65},"11":{"name":"#performOrderBy","decl":{"start":{"line":76,"column":52},"end":{"line":88,"column":39}},"loc":{"start":{"line":76,"column":52},"end":{"line":88,"column":39}},"line":76},"12":{"name":"#performCount","decl":{"start":{"line":88,"column":39},"end":{"line":103,"column":35}},"loc":{"start":{"line":88,"column":39},"end":{"line":103,"column":35}},"line":88},"13":{"name":"build","decl":{"start":{"line":103,"column":24},"end":{"line":120,"column":50}},"loc":{"start":{"line":103,"column":24},"end":{"line":120,"column":50}},"line":103}},"f":{"0":9,"1":9,"2":8,"3":1,"4":2,"5":3,"6":2,"7":1,"8":16,"9":19,"10":16,"11":7,"12":7,"13":7}}
}
