TN:
SF:src/fluentSQL.js
FN:1,<instance_members_initializer>
FN:2,FluentSQLBuilder
FN:7,for
FN:11,limit
FN:14,select
FN:19,where
FN:43,orderBy
FN:45,countBy
FN:50,#performLimit
FN:60,#performWhere
FN:65,#performSelect
FN:76,#performOrderBy
FN:88,#performCount
FN:103,build
FNF:14
FNH:14
FNDA:9,<instance_members_initializer>
FNDA:9,FluentSQLBuilder
FNDA:8,for
FNDA:1,limit
FNDA:2,select
FNDA:3,where
FNDA:2,orderBy
FNDA:1,countBy
FNDA:16,#performLimit
FNDA:19,#performWhere
FNDA:16,#performSelect
FNDA:7,#performOrderBy
FNDA:7,#performCount
FNDA:7,build
DA:1,9
DA:2,9
DA:3,9
DA:4,9
DA:5,9
DA:6,9
DA:7,9
DA:8,8
DA:9,8
DA:10,8
DA:11,8
DA:12,1
DA:13,1
DA:14,9
DA:15,2
DA:16,2
DA:17,2
DA:18,2
DA:19,3
DA:20,3
DA:21,3
DA:22,3
DA:23,3
DA:24,3
DA:25,3
DA:26,3
DA:27,3
DA:28,3
DA:29,3
DA:30,3
DA:31,3
DA:32,3
DA:33,3
DA:34,3
DA:35,3
DA:36,3
DA:37,3
DA:38,3
DA:39,3
DA:40,3
DA:41,3
DA:42,3
DA:43,9
DA:44,9
DA:45,9
DA:46,1
DA:47,1
DA:48,1
DA:49,1
DA:50,16
DA:51,16
DA:52,16
DA:53,16
DA:54,16
DA:55,16
DA:56,1
DA:57,1
DA:58,16
DA:59,9
DA:60,9
DA:61,19
DA:62,19
DA:63,8
DA:64,8
DA:65,9
DA:66,16
DA:67,16
DA:68,16
DA:69,16
DA:70,16
DA:71,16
DA:72,16
DA:73,16
DA:74,48
DA:75,48
DA:76,9
DA:77,7
DA:78,7
DA:79,5
DA:80,5
DA:81,7
DA:82,2
DA:83,2
DA:84,2
DA:85,4
DA:86,4
DA:87,4
DA:88,9
DA:89,7
DA:90,1
DA:91,1
DA:92,1
DA:93,1
DA:94,7
DA:95,3
DA:96,3
DA:97,3
DA:98,3
DA:99,3
DA:100,3
DA:101,3
DA:102,7
DA:103,9
DA:104,7
DA:105,7
DA:106,7
DA:107,19
DA:108,19
DA:109,19
DA:110,19
DA:111,16
DA:112,16
DA:113,16
DA:114,7
DA:115,7
DA:116,7
DA:117,7
DA:118,7
DA:119,7
DA:120,9
DA:121,1
DA:122,1
DA:123,1
DA:124,1
DA:125,1
LF:125
LH:125
BRDA:1,0,0,9
BRDA:2,1,0,9
BRDA:7,2,0,8
BRDA:11,3,0,1
BRDA:14,4,0,2
BRDA:19,5,0,3
BRDA:32,6,0,2
BRDA:32,7,0,1
BRDA:43,8,0,2
BRDA:45,9,0,1
BRDA:50,10,0,16
BRDA:55,11,0,1
BRDA:60,12,0,19
BRDA:62,13,0,8
BRDA:65,14,0,3
BRDA:65,15,0,16
BRDA:65,16,0,16
BRDA:73,17,0,48
BRDA:74,18,0,12
BRDA:75,19,0,4
BRDA:75,20,0,44
BRDA:76,21,0,7
BRDA:79,22,0,5
BRDA:81,23,0,2
BRDA:84,24,0,4
BRDA:88,25,0,7
BRDA:89,26,0,6
BRDA:89,27,0,1
BRDA:94,28,0,3
BRDA:101,29,0,2
BRDA:102,30,0,1
BRDA:103,31,0,7
BRDA:106,32,0,19
BRDA:110,33,0,3
BRDA:111,34,0,16
BRDA:114,35,0,1
BRF:36
BRH:36
end_of_record
