TN:
SF:src/events/payment.js
FN:1,Payment
FN:1,creditCard
FNF:2
FNH:2
FNDA:2,Payment
FNDA:2,creditCard
DA:1,1
DA:2,2
DA:3,2
DA:4,2
DA:5,2
DA:6,1
DA:7,1
DA:8,1
DA:9,1
LF:9
LH:9
BRDA:1,0,0,2
BRDA:1,1,0,2
BRF:2
BRH:2
end_of_record
TN:
SF:src/events/observers/marketing.js
FN:1,update
FNF:1
FNH:1
FNDA:1,update
DA:1,1
DA:2,1
DA:3,1
DA:4,1
DA:5,1
DA:6,1
DA:7,1
DA:8,1
LF:8
LH:8
BRDA:1,0,0,1
BRF:1
BRH:1
end_of_record
TN:
SF:src/events/observers/shipment.js
FN:1,update
FNF:1
FNH:1
FNDA:1,update
DA:1,1
DA:2,1
DA:3,1
DA:4,1
DA:5,1
DA:6,1
DA:7,1
LF:7
LH:7
BRDA:1,0,0,1
BRF:1
BRH:1
end_of_record
TN:
SF:src/subjects/paymentSubject.js
FN:1,<instance_members_initializer>
FN:1,notify
FN:3,unsubscribe
FN:4,subscribe
FNF:4
FNH:4
FNDA:4,<instance_members_initializer>
FNDA:4,notify
FNDA:1,unsubscribe
FNDA:4,subscribe
DA:1,4
DA:2,4
DA:3,1
DA:4,4
DA:5,4
DA:6,4
DA:7,4
DA:8,1
DA:9,1
DA:10,1
DA:11,1
DA:12,1
DA:13,1
DA:14,1
LF:14
LH:14
BRDA:1,0,0,4
BRDA:1,1,0,4
BRDA:1,2,0,3
BRDA:3,3,0,1
BRDA:4,4,0,4
BRF:5
BRH:5
end_of_record
